#
# There is insufficient memory for the Java Runtime Environment to continue.
# Native memory allocation (mmap) failed to map 268435456 bytes for Failed to commit area from 0x0000000700e00000 to 0x0000000710e00000 of length 268435456.
# Possible reasons:
#   The system is out of physical RAM or swap space
#   The process is running with CompressedOops enabled, and the Java Heap may be blocking the growth of the native heap
# Possible solutions:
#   Reduce memory load on the system
#   Increase physical memory or swap space
#   Check if swap backing store is full
#   Decrease Java heap size (-Xmx/-Xms)
#   Decrease number of Java threads
#   Decrease Java thread stack sizes (-Xss)
#   Set larger code cache with -XX:ReservedCodeCacheSize=
#   JVM is running with Zero Based Compressed Oops mode in which the Java heap is
#     placed in the first 32GB address space. The Java Heap base address is the
#     maximum limit for the native heap growth. Please use -XX:HeapBaseMinAddress
#     to set the Java Heap base and to place the Java Heap above 32GB virtual address.
# This output file may be truncated or incomplete.
#
#  Out of Memory Error (./open/src/hotspot/os/windows/os_windows.cpp:3315), pid=3884, tid=10504
#
# JRE version:  (14.0.1+7) (build )
# Java VM: Java HotSpot(TM) 64-Bit Server VM (14.0.1+7, mixed mode, sharing, tiered, compressed oops, g1 gc, windows-amd64)
# No core dump will be written. Minidumps are not enabled by default on client versions of Windows
#

---------------  S U M M A R Y ------------

Command Line: -XX:+ShowCodeDetailsInExceptionMessages -agentlib:jdwp=transport=dt_socket,suspend=y,address=localhost:52793 -Dcom.sun.management.jmxremote -Dcom.sun.management.jmxremote.port=52791 -Dcom.sun.management.jmxremote.authenticate=false -Dcom.sun.management.jmxremote.ssl=false -Djava.rmi.server.hostname=localhost -Dspring.jmx.enabled=true -Dspring.application.admin.enabled=true -XX:TieredStopAtLevel=1 -Dspring.boot.project.name=LearnBox -javaagent:C:\Users\admin\eclipse\jee-2020-09\eclipse\configuration\org.eclipse.osgi\406\0\.cp\lib\javaagent-shaded.jar -Dfile.encoding=UTF-8 com.project.LearnBox.LearnBoxApplication

Host: Intel(R) Core(TM) i7-4770 CPU @ 3.40GHz, 8 cores, 15G,  Windows 10 , 64 bit Build 19041 (10.0.19041.662)
Time: Mon Dec 14 16:49:39 2020 India Standard Time elapsed time: 0 seconds (0d 0h 0m 0s)

---------------  T H R E A D  ---------------

Current thread (0x000001ba63009000):  JavaThread "Unknown thread" [_thread_in_vm, id=10504, stack(0x0000004993500000,0x0000004993600000)]

Stack: [0x0000004993500000,0x0000004993600000]
Native frames: (J=compiled Java code, j=interpreted, Vv=VM code, C=native code)
V  [jvm.dll+0x5f840a]
V  [jvm.dll+0x741e4a]
V  [jvm.dll+0x7435ff]
V  [jvm.dll+0x743c43]
V  [jvm.dll+0x20d288]
V  [jvm.dll+0x5f57ba]
V  [jvm.dll+0x5ea615]
V  [jvm.dll+0x2c7e9c]
V  [jvm.dll+0x2c7cd2]
V  [jvm.dll+0x2cdbbc]
V  [jvm.dll+0x313ff8]
V  [jvm.dll+0x313720]
V  [jvm.dll+0x2a092a]
V  [jvm.dll+0x2a1a79]
V  [jvm.dll+0x71f718]
V  [jvm.dll+0x321c44]
V  [jvm.dll+0x700b0c]
V  [jvm.dll+0x392dff]
V  [jvm.dll+0x394e71]
C  [jli.dll+0x523b]
C  [ucrtbase.dll+0x214c2]
C  [KERNEL32.DLL+0x17034]
C  [ntdll.dll+0x4d0d1]


---------------  P R O C E S S  ---------------

Threads class SMR info:
_java_thread_list=0x00007ffdfde03078, length=0, elements={
}

Java Threads: ( => current thread )

Other Threads:
  0x000001ba63070000 GCTaskThread "GC Thread#0" [stack: 0x0000004993600000,0x0000004993700000] [id=12916]
  0x000001ba63091800 ConcurrentGCThread "G1 Main Marker" [stack: 0x0000004993700000,0x0000004993800000] [id=1576]
  0x000001ba63093000 ConcurrentGCThread "G1 Conc#0" [stack: 0x0000004993800000,0x0000004993900000] [id=15136]

[error occurred during error reporting (printing all threads), id 0xc0000005, EXCEPTION_ACCESS_VIOLATION (0xc0000005) at pc=0x00007ffdfd631257]

VM state:not at safepoint (not fully initialized)

VM Mutex/Monitor currently owned by a thread:  ([mutex/lock_event])
[0x000001ba63003680] Heap_lock - owner thread: 0x000001ba63009000

Heap address: 0x0000000700e00000, size: 4082 MB, Compressed Oops mode: Zero based, Oop shift amount: 3
Narrow klass base: 0x0000000000000000, Narrow klass shift: 0

GC Heap History (0 events):
No events

Deoptimization events (0 events):
No events

Classes unloaded (0 events):
No events

Classes redefined (0 events):
No events

Internal exceptions (0 events):
No events

Events (2 events):
Event: 0.006 Loaded shared library C:\Program Files\Java\jdk-14.0.1\bin\java.dll
Event: 0.007 Loaded shared library C:\Program Files\Java\jdk-14.0.1\bin\zip.dll


Dynamic libraries:
0x00007ff736010000 - 0x00007ff73601f000 	C:\Program Files\Java\jdk-14.0.1\bin\javaw.exe
0x00007ffe56df0000 - 0x00007ffe56fe6000 	C:\WINDOWS\SYSTEM32\ntdll.dll
0x00007ffe56390000 - 0x00007ffe5644d000 	C:\WINDOWS\System32\KERNEL32.DLL
0x00007ffe547a0000 - 0x00007ffe54a69000 	C:\WINDOWS\System32\KERNELBASE.dll
0x00007ffe54c40000 - 0x00007ffe54d40000 	C:\WINDOWS\System32\ucrtbase.dll
0x00007ffe3da30000 - 0x00007ffe3da45000 	C:\Program Files\Java\jdk-14.0.1\bin\VCRUNTIME140.dll
0x00007ffe3da10000 - 0x00007ffe3da28000 	C:\Program Files\Java\jdk-14.0.1\bin\jli.dll
0x00007ffe56950000 - 0x00007ffe569fc000 	C:\WINDOWS\System32\ADVAPI32.dll
0x00007ffe551d0000 - 0x00007ffe5526e000 	C:\WINDOWS\System32\msvcrt.dll
0x00007ffe560b0000 - 0x00007ffe5614c000 	C:\WINDOWS\System32\sechost.dll
0x00007ffe56b90000 - 0x00007ffe56cbb000 	C:\WINDOWS\System32\RPCRT4.dll
0x00007ffe54f60000 - 0x00007ffe55100000 	C:\WINDOWS\System32\USER32.dll
0x00007ffe48f90000 - 0x00007ffe4922b000 	C:\WINDOWS\WinSxS\amd64_microsoft.windows.common-controls_6595b64144ccf1df_6.0.19041.488_none_ca04af081b815d21\COMCTL32.dll
0x00007ffe54610000 - 0x00007ffe54632000 	C:\WINDOWS\System32\win32u.dll
0x00007ffe55450000 - 0x00007ffe5547a000 	C:\WINDOWS\System32\GDI32.dll
0x00007ffe54d40000 - 0x00007ffe54e49000 	C:\WINDOWS\System32\gdi32full.dll
0x00007ffe54ba0000 - 0x00007ffe54c3d000 	C:\WINDOWS\System32\msvcp_win.dll
0x00007ffe4e960000 - 0x00007ffe4e96a000 	C:\WINDOWS\SYSTEM32\VERSION.dll
0x00007ffe54e60000 - 0x00007ffe54e90000 	C:\WINDOWS\System32\IMM32.DLL
0x00007ffe3d970000 - 0x00007ffe3da0b000 	C:\Program Files\Java\jdk-14.0.1\bin\msvcp140.dll
0x00007ffdfd380000 - 0x00007ffdfde9e000 	C:\Program Files\Java\jdk-14.0.1\bin\server\jvm.dll
0x00007ffe54f50000 - 0x00007ffe54f58000 	C:\WINDOWS\System32\PSAPI.DLL
0x00007ffe49230000 - 0x00007ffe49257000 	C:\WINDOWS\SYSTEM32\WINMM.dll
0x00007ffe514f0000 - 0x00007ffe514f9000 	C:\WINDOWS\SYSTEM32\WSOCK32.dll
0x00007ffe55100000 - 0x00007ffe5516b000 	C:\WINDOWS\System32\WS2_32.dll
0x00007ffe523c0000 - 0x00007ffe523d2000 	C:\WINDOWS\SYSTEM32\kernel.appcore.dll
0x00007ffe51420000 - 0x00007ffe5142a000 	C:\Program Files\Java\jdk-14.0.1\bin\jimage.dll
0x00007ffe48910000 - 0x00007ffe48af4000 	C:\WINDOWS\SYSTEM32\DBGHELP.DLL
0x00007ffe488e0000 - 0x00007ffe4890c000 	C:\WINDOWS\SYSTEM32\dbgcore.DLL
0x00007ffe54a70000 - 0x00007ffe54af0000 	C:\WINDOWS\System32\bcryptPrimitives.dll
0x00007ffe49e80000 - 0x00007ffe49eb8000 	C:\Program Files\Java\jdk-14.0.1\bin\jdwp.dll
0x00007ffe3e800000 - 0x00007ffe3e825000 	C:\Program Files\Java\jdk-14.0.1\bin\java.dll
0x00007ffe51480000 - 0x00007ffe5148e000 	C:\Program Files\Java\jdk-14.0.1\bin\instrument.dll
0x00007ffe3ec80000 - 0x00007ffe3ec96000 	C:\Program Files\Java\jdk-14.0.1\bin\zip.dll

dbghelp: loaded successfully - version: 4.0.5 - missing functions: none
symbol engine: initialized successfully - sym options: 0x614 - pdb path: .;C:\Program Files\Java\jdk-14.0.1\bin;C:\WINDOWS\SYSTEM32;C:\WINDOWS\WinSxS\amd64_microsoft.windows.common-controls_6595b64144ccf1df_6.0.19041.488_none_ca04af081b815d21;C:\Program Files\Java\jdk-14.0.1\bin\server

VM Arguments:
jvm_args: -XX:+ShowCodeDetailsInExceptionMessages -agentlib:jdwp=transport=dt_socket,suspend=y,address=localhost:52793 -Dcom.sun.management.jmxremote -Dcom.sun.management.jmxremote.port=52791 -Dcom.sun.management.jmxremote.authenticate=false -Dcom.sun.management.jmxremote.ssl=false -Djava.rmi.server.hostname=localhost -Dspring.jmx.enabled=true -Dspring.application.admin.enabled=true -XX:TieredStopAtLevel=1 -Dspring.boot.project.name=LearnBox -javaagent:C:\Users\admin\eclipse\jee-2020-09\eclipse\configuration\org.eclipse.osgi\406\0\.cp\lib\javaagent-shaded.jar -Dfile.encoding=UTF-8 
java_command: com.project.LearnBox.LearnBoxApplication
java_class_path (initial): E:\Kabeer Folders\Projects\LearnBox-BACKEND\target\classes;C:\Users\admin\.m2\repository\org\springframework\boot\spring-boot-starter-web\2.4.0\spring-boot-starter-web-2.4.0.jar;C:\Users\admin\.m2\repository\org\springframework\boot\spring-boot-starter\2.4.0\spring-boot-starter-2.4.0.jar;C:\Users\admin\.m2\repository\org\springframework\boot\spring-boot\2.4.0\spring-boot-2.4.0.jar;C:\Users\admin\.m2\repository\org\springframework\boot\spring-boot-autoconfigure\2.4.0\spring-boot-autoconfigure-2.4.0.jar;C:\Users\admin\.m2\repository\org\springframework\boot\spring-boot-starter-logging\2.4.0\spring-boot-starter-logging-2.4.0.jar;C:\Users\admin\.m2\repository\ch\qos\logback\logback-classic\1.2.3\logback-classic-1.2.3.jar;C:\Users\admin\.m2\repository\ch\qos\logback\logback-core\1.2.3\logback-core-1.2.3.jar;C:\Users\admin\.m2\repository\org\apache\logging\log4j\log4j-to-slf4j\2.13.3\log4j-to-slf4j-2.13.3.jar;C:\Users\admin\.m2\repository\org\apache\logging\log4j\log4j-api\2.13.3\log4j-api-2.13.3.jar;C:\Users\admin\.m2\repository\org\slf4j\jul-to-slf4j\1.7.30\jul-to-slf4j-1.7.30.jar;C:\Users\admin\.m2\repository\jakarta\annotation\jakarta.annotation-api\1.3.5\jakarta.annotation-api-1.3.5.jar;C:\Users\admin\.m2\repository\org\yaml\snakeyaml\1.27\snakeyaml-1.27.jar;C:\Users\admin\.m2\repository\org\springframework\boot\spring-boot-starter-json\2.4.0\spring-boot-starter-json-2.4.0.jar;C:\Users\admin\.m2\repository\com\fasterxml\jackson\core\jackson-databind\2.11.3\jackson-databind-2.11.3.jar;C:\Users\admin\.m2\repository\com\fasterxml\jackson\core\jackson-annotations\2.11.3\jackson-annotations-2.11.3.jar;C:\Users\admin\.m2\repository\com\fasterxml\jackson\core\jackson-core\2.11.3\jackson-core-2.11.3.jar;C:\Users\admin\.m2\repository\com\fasterxml\jackson\datatype\jackson-datatype-jdk8\2.11.3\jackson-datatype-jdk8-2.11.3.jar;C:\Users\admin\.m2\repository\com\fasterxml\jackson\datatype\jackson-datatype-jsr310\2.11.3\jackson-datatype-jsr310-2.11.3.j
Launcher Type: SUN_STANDARD

[Global flags]
     intx CICompilerCount                          = 4                                         {product} {ergonomic}
     uint ConcGCThreads                            = 2                                         {product} {ergonomic}
     uint G1ConcRefinementThreads                  = 8                                         {product} {ergonomic}
   size_t G1HeapRegionSize                         = 1048576                                   {product} {ergonomic}
    uintx GCDrainStackTargetSize                   = 64                                        {product} {ergonomic}
   size_t InitialHeapSize                          = 268435456                                 {product} {ergonomic}
     bool ManagementServer                         = true                                      {product} {command line}
   size_t MarkStackSize                            = 4194304                                   {product} {ergonomic}
   size_t MaxHeapSize                              = 4280287232                                {product} {ergonomic}
   size_t MinHeapDeltaBytes                        = 1048576                                   {product} {ergonomic}
   size_t MinHeapSize                              = 8388608                                   {product} {ergonomic}
    uintx NonNMethodCodeHeapSize                   = 7549744                                {pd product} {ergonomic}
    uintx NonProfiledCodeHeapSize                  = 244108496                              {pd product} {ergonomic}
    uintx ProfiledCodeHeapSize                     = 0                                      {pd product} {ergonomic}
    uintx ReservedCodeCacheSize                    = 251658240                              {pd product} {ergonomic}
     bool SegmentedCodeCache                       = true                                      {product} {ergonomic}
     bool ShowCodeDetailsInExceptionMessages       = true                                   {manageable} {command line}
   size_t SoftMaxHeapSize                          = 4280287232                             {manageable} {ergonomic}
     intx TieredStopAtLevel                        = 1                                         {product} {command line}
     bool UseCompressedClassPointers               = true                                 {lp64_product} {ergonomic}
     bool UseCompressedOops                        = true                                 {lp64_product} {ergonomic}
     bool UseG1GC                                  = true                                      {product} {ergonomic}
     bool UseLargePagesIndividualAllocation        = false                                  {pd product} {ergonomic}

Logging:
Log output configuration:
 #0: stdout all=warning uptime,level,tags
 #1: stderr all=off uptime,level,tags

Environment Variables:
PATH=C:/Program Files/Java/jdk-14.0.1/bin/server;C:/Program Files/Java/jdk-14.0.1/bin;C:\Program Files\Common Files\Oracle\Java\javapath;C:\ProgramData\Oracle\Java\javapath;C:\Program Files (x86)\Common Files\Oracle\Java\javapath;C:\Windows\system32;C:\Windows;C:\Windows\System32\Wbem;C:\Windows\System32\WindowsPowerShell\v1.0\;C:\Windows\System32\OpenSSH\;C:\Program Files (x86)\NVIDIA Corporation\PhysX\Common;C:\Program Files\nodejs\;C:\WINDOWS\system32;C:\WINDOWS;C:\WINDOWS\System32\Wbem;C:\WINDOWS\System32\WindowsPowerShell\v1.0\;C:\WINDOWS\System32\OpenSSH\;C:\Program Files\Git\cmd;C:\Users\admin\AppData\Local\Microsoft\WindowsApps;C:\Users\admin\AppData\Local\Programs\Microsoft VS Code\bin;C:\Users\admin\AppData\Roaming\npm;C:\Program Files\MongoDB\Server\4.4\bin\;;C:\WINDOWS\system32;
USERNAME=admin
OS=Windows_NT
PROCESSOR_IDENTIFIER=Intel64 Family 6 Model 60 Stepping 3, GenuineIntel



---------------  S Y S T E M  ---------------

OS: Windows 10 , 64 bit Build 19041 (10.0.19041.662)
OS uptime: 0 days 10:29 hours

CPU:total 8 (initial active 8) (4 cores per cpu, 2 threads per core) family 6 model 60 stepping 3, cmov, cx8, fxsr, mmx, sse, sse2, sse3, ssse3, sse4.1, sse4.2, popcnt, avx, avx2, aes, clmul, erms, lzcnt, ht, tsc, tscinvbit, bmi1, bmi2, fma

Memory: 4k page, system-wide physical 16326M (6985M free)
TotalPageFile size 30628M (AvailPageFile size 253M)
current process WorkingSet (physical memory assigned to process): 10M, peak: 10M
current process commit charge ("private bytes"): 58M, peak: 314M

vm_info: Java HotSpot(TM) 64-Bit Server VM (14.0.1+7) for windows-amd64 JRE (14.0.1+7), built on Mar  5 2020 10:30:14 by "mach5one" with MS VC++ 15.9 (VS2017)

END.
